<?xml version="1.0" encoding="UTF-8"?>
<testng-results ignored="0" total="1" passed="1" failed="0" skipped="0">
  <reporter-output>
  </reporter-output>
  <suite started-at="2021-07-13T20:19:54 IST" name="Resume Learning Test" finished-at="2021-07-13T20:20:32 IST" duration-ms="38531">
    <groups>
    </groups>
    <test started-at="2021-07-13T20:19:54 IST" name="Writing text in Excel" finished-at="2021-07-13T20:20:32 IST" duration-ms="38531">
      <class name="testCases.testOne">
        <test-method signature="writeExcelTest(java.lang.String)[pri:0, instance:testCases.testOne@5c7bfdc1]" started-at="2021-07-13T20:19:54 IST" name="writeExcelTest" finished-at="2021-07-13T20:20:32 IST" duration-ms="38239" status="PASS">
          <params>
            <param index="0">
              <value>
                <![CDATA[chrome]]>
              </value>
            </param>
          </params>
          <reporter-output>
          </reporter-output>
        </test-method> <!-- writeExcelTest -->
        <test-method is-config="true" signature="flushReport()[pri:0, instance:testCases.testOne@5c7bfdc1]" started-at="2021-07-13T20:20:32 IST" name="flushReport" finished-at="2021-07-13T20:20:32 IST" duration-ms="253" status="PASS">
          <reporter-output>
          </reporter-output>
        </test-method> <!-- flushReport -->
      </class> <!-- testCases.testOne -->
    </test> <!-- Writing text in Excel -->
  </suite> <!-- Resume Learning Test -->
</testng-results>
